Unity Editor version:    2022.3.5f1 (9674261d40ee)
Branch:                  2022.3/release
Build type:              Release
Batch mode:              YES
macOS version:           Version 14.2 (Build 23C64)
Darwin version:          23.2.0
Architecture:            x86_64
Running under Rosetta:   NO
Available memory:        16384 MB
Using pre-set license
Pro License: YES

COMMAND LINE ARGUMENTS:
/Applications/Unity/Hub/Editor/2022.3.5f1/Unity.app/Contents/MacOS/Unity
-adb2
-batchMode
-noUpm
-name
AssetImportWorker1
-projectPath
/Users/takushimayuma/webGL_sample
-logFile
Logs/AssetImportWorker1.log
-srvPort
57379
Successfully changed project path to: /Users/takushimayuma/webGL_sample
/Users/takushimayuma/webGL_sample
[UnityMemory] Configuration Parameters - Can be set up in boot.config
    "memorysetup-bucket-allocator-granularity=16"
    "memorysetup-bucket-allocator-bucket-count=8"
    "memorysetup-bucket-allocator-block-size=33554432"
    "memorysetup-bucket-allocator-block-count=8"
    "memorysetup-main-allocator-block-size=16777216"
    "memorysetup-thread-allocator-block-size=16777216"
    "memorysetup-gfx-main-allocator-block-size=16777216"
    "memorysetup-gfx-thread-allocator-block-size=16777216"
    "memorysetup-cache-allocator-block-size=4194304"
    "memorysetup-typetree-allocator-block-size=2097152"
    "memorysetup-profiler-bucket-allocator-granularity=16"
    "memorysetup-profiler-bucket-allocator-bucket-count=8"
    "memorysetup-profiler-bucket-allocator-block-size=33554432"
    "memorysetup-profiler-bucket-allocator-block-count=8"
    "memorysetup-profiler-allocator-block-size=16777216"
    "memorysetup-profiler-editor-allocator-block-size=1048576"
    "memorysetup-temp-allocator-size-main=16777216"
    "memorysetup-job-temp-allocator-block-size=2097152"
    "memorysetup-job-temp-allocator-block-size-background=1048576"
    "memorysetup-job-temp-allocator-reduction-small-platforms=262144"
    "memorysetup-allocator-temp-initial-block-size-main=262144"
    "memorysetup-allocator-temp-initial-block-size-worker=262144"
    "memorysetup-temp-allocator-size-background-worker=32768"
    "memorysetup-temp-allocator-size-job-worker=262144"
    "memorysetup-temp-allocator-size-preload-manager=33554432"
    "memorysetup-temp-allocator-size-nav-mesh-worker=65536"
    "memorysetup-temp-allocator-size-audio-worker=65536"
    "memorysetup-temp-allocator-size-cloud-worker=32768"
    "memorysetup-temp-allocator-size-gi-baking-worker=262144"
    "memorysetup-temp-allocator-size-gfx=262144"
Player connection [140704563116928] Host "[IP] 192.168.11.27 [Port] 0 [Flags] 2 [Guid] 471918572 [EditorId] 471918572 [Version] 1048832 [Id] OSXEditor(0,takushimayuushinnoMacBook-Pro.local) [Debug] 1 [PackageName] OSXEditor [ProjectName] Editor" joined multi-casting on [225.0.0.222:54997]...

Player connection [140704563116928] Host "[IP] 192.168.11.27 [Port] 0 [Flags] 2 [Guid] 471918572 [EditorId] 471918572 [Version] 1048832 [Id] OSXEditor(0,takushimayuushinnoMacBook-Pro.local) [Debug] 1 [PackageName] OSXEditor [ProjectName] Editor" joined alternative multi-casting on [225.0.0.222:34997]...

Refreshing native plugins compatible for Editor in 7.21 ms, found 2 plugins.
Preloading 0 native plugins for Editor in 0.00 ms.
Initialize engine version: 2022.3.5f1 (9674261d40ee)
[Subsystems] Discovering subsystems at path /Applications/Unity/Hub/Editor/2022.3.5f1/Unity.app/Contents/Resources/UnitySubsystems
[Subsystems] Discovering subsystems at path /Users/takushimayuma/webGL_sample/Assets
GfxDevice: creating device client; threaded=0; jobified=0
Color LCD preferred device: Intel(R) Iris(TM) Plus Graphics 645 (low power)
Metal devices available: 1
0: Intel(R) Iris(TM) Plus Graphics 645 (low power)
Using device Intel(R) Iris(TM) Plus Graphics 645 (low power)
Initializing Metal device caps: Intel(R) Iris(TM) Plus Graphics 645
Initialize mono
Mono path[0] = '/Applications/Unity/Hub/Editor/2022.3.5f1/Unity.app/Contents/Managed'
Mono path[1] = '/Applications/Unity/Hub/Editor/2022.3.5f1/Unity.app/Contents/MonoBleedingEdge/lib/mono/unityjit-macos'
Mono config path = '/Applications/Unity/Hub/Editor/2022.3.5f1/Unity.app/Contents/MonoBleedingEdge/etc'
Using monoOptions --debugger-agent=transport=dt_socket,embedding=1,server=y,suspend=n,address=127.0.0.1:56181
Begin MonoManager ReloadAssembly
Registering precompiled unity dll's ...
Register platform support module: /Applications/Unity/Hub/Editor/2022.3.5f1/PlaybackEngines/WebGLSupport/UnityEditor.WebGL.Extensions.dll
Register platform support module: /Applications/Unity/Hub/Editor/2022.3.5f1/Unity.app/Contents/PlaybackEngines/MacStandaloneSupport/UnityEditor.OSXStandalone.Extensions.dll
Register platform support module: /Applications/Unity/Hub/Editor/2022.3.5f1/PlaybackEngines/AndroidPlayer/UnityEditor.Android.Extensions.dll
Register platform support module: /Applications/Unity/Hub/Editor/2022.3.5f1/PlaybackEngines/iOSSupport/UnityEditor.iOS.Extensions.dll
Registered in 0.004873 seconds.
- Loaded All Assemblies, in  0.798 seconds
[usbmuxd] Start listen thread
[usbmuxd] Listen thread started
[usbmuxd] Send listen message
Native extension for iOS target not found
Native extension for Android target not found
Android Extension - Scanning For ADB Devices 194 ms
Native extension for OSXStandalone target not found
Native extension for WebGL target not found
Mono: successfully reloaded assembly
- Finished resetting the current domain, in  0.991 seconds
Domain Reload Profiling: 1790ms
	BeginReloadAssembly (258ms)
		ExecutionOrderSort (0ms)
		DisableScriptedObjects (0ms)
		BackupInstance (0ms)
		ReleaseScriptingObjects (0ms)
		CreateAndSetChildDomain (1ms)
	RebuildCommonClasses (86ms)
	RebuildNativeTypeToScriptingClass (27ms)
	initialDomainReloadingComplete (102ms)
	LoadAllAssembliesAndSetupDomain (325ms)
		LoadAssemblies (257ms)
		RebuildTransferFunctionScriptingTraits (0ms)
		AnalyzeDomain (321ms)
			TypeCache.Refresh (319ms)
				TypeCache.ScanAssembly (290ms)
			ScanForSourceGeneratedMonoScriptInfo (1ms)
			ResolveRequiredComponents (1ms)
	FinalizeReload (992ms)
		ReleaseScriptCaches (0ms)
		RebuildScriptCaches (0ms)
		SetupLoadedEditorAssemblies (854ms)
			LogAssemblyErrors (0ms)
			InitializePlatformSupportModulesInManaged (588ms)
			SetLoadedEditorAssemblies (8ms)
			RefreshPlugins (0ms)
			BeforeProcessingInitializeOnLoad (5ms)
			ProcessInitializeOnLoadAttributes (167ms)
			ProcessInitializeOnLoadMethodAttributes (87ms)
			AfterProcessingInitializeOnLoad (0ms)
			EditorAssembliesLoaded (0ms)
		ExecutionOrderSort2 (0ms)
		AwakeInstancesAfterBackupRestoration (0ms)
========================================================================
Worker process is ready to serve import requests
Begin MonoManager ReloadAssembly
Symbol file LoadedFromMemory doesn't match image /Users/takushimayuma/webGL_sample/Library/PackageCache/com.unity.visualscripting@1.8.0/Editor/VisualScripting.Core/Dependencies/YamlDotNet/Unity.VisualScripting.YamlDotNet.dll
Symbol file LoadedFromMemory doesn't match image /Users/takushimayuma/webGL_sample/Library/PackageCache/com.unity.visualscripting@1.8.0/Editor/VisualScripting.Core/Dependencies/DotNetZip/Unity.VisualScripting.IonicZip.dll
- Loaded All Assemblies, in  1.525 seconds
Refreshing native plugins compatible for Editor in 3.42 ms, found 2 plugins.
Native extension for iOS target not found
Native extension for Android target not found
Native extension for OSXStandalone target not found
Native extension for WebGL target not found
Package Manager log level set to [2]
[Package Manager] Server::EnsureServerProcessIsRunning -- launch failed, reason: Unity was launched with the -noUpm command-line argument
[Package Manager] UpmClient::Send -- Unable to send message (not connected to UPM process).
[Package Manager] Cannot connect to Unity Package Manager local server
[Package Manager] Server::EnsureServerProcessIsRunning -- launch failed, reason: Unity was launched with the -noUpm command-line argument
[Package Manager] UpmClient::Send -- Unable to send message (not connected to UPM process).
[Package Manager] Cannot connect to Unity Package Manager local server
Mono: successfully reloaded assembly
[Package Manager] Server::EnsureServerProcessIsRunning -- launch failed, reason: Unity was launched with the -noUpm command-line argument
[Package Manager] UpmClient::Send -- Unable to send message (not connected to UPM process).
[Package Manager] Cannot connect to Unity Package Manager local server
[Package Manager] Server::EnsureServerProcessIsRunning -- launch failed, reason: Unity was launched with the -noUpm command-line argument
[Package Manager] UpmClient::Send -- Unable to send message (not connected to UPM process).
[Package Manager] Cannot connect to Unity Package Manager local server
- Finished resetting the current domain, in  1.197 seconds
Domain Reload Profiling: 2723ms
	BeginReloadAssembly (217ms)
		ExecutionOrderSort (0ms)
		DisableScriptedObjects (10ms)
		BackupInstance (0ms)
		ReleaseScriptingObjects (0ms)
		CreateAndSetChildDomain (52ms)
	RebuildCommonClasses (74ms)
	RebuildNativeTypeToScriptingClass (22ms)
	initialDomainReloadingComplete (80ms)
	LoadAllAssembliesAndSetupDomain (1133ms)
		LoadAssemblies (406ms)
		RebuildTransferFunctionScriptingTraits (0ms)
		AnalyzeDomain (825ms)
			TypeCache.Refresh (783ms)
				TypeCache.ScanAssembly (755ms)
			ScanForSourceGeneratedMonoScriptInfo (32ms)
			ResolveRequiredComponents (10ms)
	FinalizeReload (1198ms)
		ReleaseScriptCaches (0ms)
		RebuildScriptCaches (0ms)
		SetupLoadedEditorAssemblies (882ms)
			LogAssemblyErrors (0ms)
			InitializePlatformSupportModulesInManaged (61ms)
			SetLoadedEditorAssemblies (6ms)
			RefreshPlugins (0ms)
			BeforeProcessingInitializeOnLoad (90ms)
			ProcessInitializeOnLoadAttributes (688ms)
			ProcessInitializeOnLoadMethodAttributes (36ms)
			AfterProcessingInitializeOnLoad (2ms)
			EditorAssembliesLoaded (0ms)
		ExecutionOrderSort2 (0ms)
		AwakeInstancesAfterBackupRestoration (8ms)
Launching external process: /Applications/Unity/Hub/Editor/2022.3.5f1/Unity.app/Contents/Tools/UnityShaderCompiler
Launched and connected shader compiler UnityShaderCompiler after 0.13 seconds
Refreshing native plugins compatible for Editor in 6.12 ms, found 2 plugins.
Preloading 0 native plugins for Editor in 0.00 ms.
Unloading 3197 Unused Serialized files (Serialized files now loaded: 0)
Unloading 42 unused Assets / (55.9 KB). Loaded Objects now: 3656.
Memory consumption went from 132.5 MB to 132.5 MB.
Total: 6.645154 ms (FindLiveObjects: 0.391497 ms CreateObjectMapping: 0.366988 ms MarkObjects: 5.632764 ms  DeleteObjects: 0.252089 ms)

AssetImportParameters requested are different than current active one (requested -> active):
  custom:container-demuxer-ogg: 62fdf1f143b41e24485cea50d1cbac27 -> 
  custom:video-decoder-ogg-theora: a1e56fd34408186e4bbccfd4996cb3dc -> 
  custom:CustomObjectIndexerAttribute: 756ad292c208cfabdd7b50bc23989ffe -> 
  custom:container-demuxer-webm: 4f35f7cbe854078d1ac9338744f61a02 -> 
  custom:container-muxer-webm: aa71ff27fc2769a1b78a27578f13a17b -> 
  custom:video-decoder-webm-vp8: 9c59270c3fd7afecdb556c50c9e8de78 -> 
  custom:AudioImporter_EditorPlatform: 3918e3fc78b5a79bad01e8451be0beb8 -> 
  custom:framework-osx-AVFoundation: e770b220cccbd017edd2c1fefb359320 -> 
  custom:video-encoder-webm-vp8: eb34c28f22e8b96e1ab97ce403110664 -> 
  custom:audio-decoder-ogg-vorbis: bf7c407c2cedff20999df2af8eb42d56 -> 
  custom:audio-encoder-webm-vorbis: bf7c407c2cedff20999df2af8eb42d56 -> 
========================================================================
Received Prepare
Refreshing native plugins compatible for Editor in 4.10 ms, found 2 plugins.
Preloading 0 native plugins for Editor in 0.00 ms.
Unloading 1 Unused Serialized files (Serialized files now loaded: 0)
Unloading 1 unused Assets / (3.0 KB). Loaded Objects now: 3656.
Memory consumption went from 80.7 MB to 80.7 MB.
Total: 9.953357 ms (FindLiveObjects: 0.728986 ms CreateObjectMapping: 0.440895 ms MarkObjects: 8.659682 ms  DeleteObjects: 0.120478 ms)

Prepare: number of updated asset objects reloaded= 0
AssetImportParameters requested are different than current active one (requested -> active):
  custom:container-demuxer-ogg: 62fdf1f143b41e24485cea50d1cbac27 -> 
  custom:video-decoder-ogg-theora: a1e56fd34408186e4bbccfd4996cb3dc -> 
  custom:CustomObjectIndexerAttribute: 756ad292c208cfabdd7b50bc23989ffe -> 
  custom:container-demuxer-webm: 4f35f7cbe854078d1ac9338744f61a02 -> 
  custom:container-muxer-webm: aa71ff27fc2769a1b78a27578f13a17b -> 
  custom:video-decoder-webm-vp8: 9c59270c3fd7afecdb556c50c9e8de78 -> 
  custom:SearchIndexIgnoredProperties: e643bd26f0fe6173181afceb89e7c659 -> 
  custom:AudioImporter_EditorPlatform: 3918e3fc78b5a79bad01e8451be0beb8 -> 
  custom:framework-osx-AVFoundation: e770b220cccbd017edd2c1fefb359320 -> 
  custom:video-encoder-webm-vp8: eb34c28f22e8b96e1ab97ce403110664 -> 
  custom:audio-decoder-ogg-vorbis: bf7c407c2cedff20999df2af8eb42d56 -> 
  custom:audio-encoder-webm-vorbis: bf7c407c2cedff20999df2af8eb42d56 -> 
========================================================================
Received Import Request.
  Time since last request: 17225.696229 seconds.
  path: Assets/kusa_1.mtl
  artifactKey: Guid(4325dd84a9e36469ca8cf68011c79fd4) Importer(2089858483,0ecaa5967403d082aa24f35e1b516d23)
Start importing Assets/kusa_1.mtl using Guid(4325dd84a9e36469ca8cf68011c79fd4) Importer(2089858483,0ecaa5967403d082aa24f35e1b516d23)  -> (artifact id: '853d9bdde4de27da82f9625ef74e5119') in 0.127965 seconds
Number of updated asset objects reloaded before import = 0
Number of asset objects unloaded after import = 1
========================================================================
Received Import Request.
  Time since last request: 0.000141 seconds.
  path: Assets/Samples/WebXR Interactions/0.20.0/Sample Scene/Materials/ReflectedMat.mat
  artifactKey: Guid(5b8924a643c3d485e8262dd13187586c) Importer(2089858483,0ecaa5967403d082aa24f35e1b516d23)
Start importing Assets/Samples/WebXR Interactions/0.20.0/Sample Scene/Materials/ReflectedMat.mat using Guid(5b8924a643c3d485e8262dd13187586c) Importer(2089858483,0ecaa5967403d082aa24f35e1b516d23)  -> (artifact id: 'da5a6303e8c0a9c0c17149c6af21bf0a') in 0.050284 seconds
Number of updated asset objects reloaded before import = 0
Number of asset objects unloaded after import = 1
========================================================================
Received Import Request.
  Time since last request: 0.000247 seconds.
  path: Assets/Samples/WebXR Interactions/0.20.0/Sample Scene/Models/cactus/Materials/Saguaro_BaseColor.mat
  artifactKey: Guid(bda960a028a194859aeeb785b2d89799) Importer(2089858483,0ecaa5967403d082aa24f35e1b516d23)
Start importing Assets/Samples/WebXR Interactions/0.20.0/Sample Scene/Models/cactus/Materials/Saguaro_BaseColor.mat using Guid(bda960a028a194859aeeb785b2d89799) Importer(2089858483,0ecaa5967403d082aa24f35e1b516d23)  -> (artifact id: 'c0d7896763f32ba69f02ca93b8d38bea') in 0.006529 seconds
Number of updated asset objects reloaded before import = 0
Number of asset objects unloaded after import = 1
========================================================================
Received Import Request.
  Time since last request: 0.000220 seconds.
  path: Assets/Samples/WebXR Interactions/0.20.0/Sample Scene/Scenes/Desert/ReflectionProbe-2.exr
  artifactKey: Guid(a46feeb11e4d5f44f91aed5ab08bae0e) Importer(2089858483,0ecaa5967403d082aa24f35e1b516d23)
Start importing Assets/Samples/WebXR Interactions/0.20.0/Sample Scene/Scenes/Desert/ReflectionProbe-2.exr using Guid(a46feeb11e4d5f44f91aed5ab08bae0e) Importer(2089858483,0ecaa5967403d082aa24f35e1b516d23)  -> (artifact id: 'e67417f04aaef6d02ba18653a6550341') in 0.088429 seconds
Number of updated asset objects reloaded before import = 0
Number of asset objects unloaded after import = 1
========================================================================
Received Import Request.
  Time since last request: 0.000155 seconds.
  path: Assets/Samples/WebXR Interactions/0.20.0/Sample Scene/Scenes/Desert/Lightmap-1_comp_light.exr
  artifactKey: Guid(e8745bf64996ca34c923c64cd55aa8d0) Importer(2089858483,0ecaa5967403d082aa24f35e1b516d23)
Start importing Assets/Samples/WebXR Interactions/0.20.0/Sample Scene/Scenes/Desert/Lightmap-1_comp_light.exr using Guid(e8745bf64996ca34c923c64cd55aa8d0) Importer(2089858483,0ecaa5967403d082aa24f35e1b516d23)  -> (artifact id: 'b0ecfbc3844591c3d3aba2ff7d870a91') in 0.059236 seconds
Number of updated asset objects reloaded before import = 0
Number of asset objects unloaded after import = 1
========================================================================
Received Import Request.
  Time since last request: 0.000150 seconds.
  path: Assets/Samples/WebXR Interactions/0.20.0/Sample Scene/Models/cactus/Saguaro.obj
  artifactKey: Guid(7e57e26a714804d3c9f1baa605131856) Importer(2089858483,0ecaa5967403d082aa24f35e1b516d23)
Start importing Assets/Samples/WebXR Interactions/0.20.0/Sample Scene/Models/cactus/Saguaro.obj using Guid(7e57e26a714804d3c9f1baa605131856) Importer(2089858483,0ecaa5967403d082aa24f35e1b516d23)  -> (artifact id: '9b98c224a2832936c70d6778fd473f65') in 0.080404 seconds
Number of updated asset objects reloaded before import = 0
Number of asset objects unloaded after import = 10
========================================================================
Received Import Request.
  Time since last request: 0.000398 seconds.
  path: Assets/Samples/WebXR Interactions/0.20.0/Sample Scene/Materials/White.mat
  artifactKey: Guid(dec49ad9b04a4f84d8cc23d75785c58e) Importer(2089858483,0ecaa5967403d082aa24f35e1b516d23)
Start importing Assets/Samples/WebXR Interactions/0.20.0/Sample Scene/Materials/White.mat using Guid(dec49ad9b04a4f84d8cc23d75785c58e) Importer(2089858483,0ecaa5967403d082aa24f35e1b516d23)  -> (artifact id: 'd84b2f54219b24afe1e2ba2fd485278e') in 0.007478 seconds
Number of updated asset objects reloaded before import = 0
Number of asset objects unloaded after import = 1
========================================================================
Received Import Request.
  Time since last request: 0.000089 seconds.
  path: Assets/Samples/WebXR Interactions/0.20.0/Sample Scene/Models/cactus/Materials/Saguaro_BaseColor 2.mat
  artifactKey: Guid(3bc3612ff958144f5850d2b57aa7449f) Importer(2089858483,0ecaa5967403d082aa24f35e1b516d23)
Start importing Assets/Samples/WebXR Interactions/0.20.0/Sample Scene/Models/cactus/Materials/Saguaro_BaseColor 2.mat using Guid(3bc3612ff958144f5850d2b57aa7449f) Importer(2089858483,0ecaa5967403d082aa24f35e1b516d23)  -> (artifact id: '434ffc954328107878ab30dd5949fec8') in 0.005896 seconds
Number of updated asset objects reloaded before import = 0
Number of asset objects unloaded after import = 1
========================================================================
Received Import Request.
  Time since last request: 0.000196 seconds.
  path: Assets/Samples/WebXR Interactions/0.20.0/Sample Scene/Models/cactus/Materials/Saguaro_BaseColor 3.mat
  artifactKey: Guid(08fea9f35b10b4ac3aca2d24a8d9aa71) Importer(2089858483,0ecaa5967403d082aa24f35e1b516d23)
Start importing Assets/Samples/WebXR Interactions/0.20.0/Sample Scene/Models/cactus/Materials/Saguaro_BaseColor 3.mat using Guid(08fea9f35b10b4ac3aca2d24a8d9aa71) Importer(2089858483,0ecaa5967403d082aa24f35e1b516d23)  -> (artifact id: '37499539658ff2e4b249658fd2100ead') in 0.008232 seconds
Number of updated asset objects reloaded before import = 0
Number of asset objects unloaded after import = 1
========================================================================
Received Import Request.
  Time since last request: 0.000173 seconds.
  path: Assets/Samples/WebXR Interactions/0.20.0/Sample Scene/Materials/Blue.mat
  artifactKey: Guid(6155b57cc2ad36646af70e1122367da4) Importer(2089858483,0ecaa5967403d082aa24f35e1b516d23)
Start importing Assets/Samples/WebXR Interactions/0.20.0/Sample Scene/Materials/Blue.mat using Guid(6155b57cc2ad36646af70e1122367da4) Importer(2089858483,0ecaa5967403d082aa24f35e1b516d23)  -> (artifact id: '71042d936f723fd97ac805d954c4d778') in 0.005337 seconds
Number of updated asset objects reloaded before import = 0
Number of asset objects unloaded after import = 1
========================================================================
Received Import Request.
  Time since last request: 0.000338 seconds.
  path: Assets/Samples/WebXR Interactions/0.20.0/Sample Scene/Textures/cube-sea.png
  artifactKey: Guid(eebf2a1765dea45e09d299edf6e986a3) Importer(2089858483,0ecaa5967403d082aa24f35e1b516d23)
Start importing Assets/Samples/WebXR Interactions/0.20.0/Sample Scene/Textures/cube-sea.png using Guid(eebf2a1765dea45e09d299edf6e986a3) Importer(2089858483,0ecaa5967403d082aa24f35e1b516d23)  -> (artifact id: '4746db90034f9d54c1e4204b8983887d') in 0.027761 seconds
Number of updated asset objects reloaded before import = 0
Number of asset objects unloaded after import = 1
========================================================================
Received Import Request.
  Time since last request: 0.000147 seconds.
  path: Assets/Samples/WebXR Interactions/0.20.0/Sample Scene/Scenes/DesertSettings.lighting
  artifactKey: Guid(8d4309b5e12c1a94ebf7036670a45209) Importer(2089858483,0ecaa5967403d082aa24f35e1b516d23)
Start importing Assets/Samples/WebXR Interactions/0.20.0/Sample Scene/Scenes/DesertSettings.lighting using Guid(8d4309b5e12c1a94ebf7036670a45209) Importer(2089858483,0ecaa5967403d082aa24f35e1b516d23)  -> (artifact id: '5275e92a17b77e9e6bd9a357b6d349be') in 0.037153 seconds
Number of updated asset objects reloaded before import = 0
Number of asset objects unloaded after import = 1
========================================================================
Received Import Request.
  Time since last request: 0.007318 seconds.
  path: Assets/Samples/WebXR Interactions/0.20.0/Sample Scene/Scenes/Desert/ReflectionProbe-4.exr
  artifactKey: Guid(eb13938473938e74199d89bb8ace40d1) Importer(2089858483,0ecaa5967403d082aa24f35e1b516d23)
Start importing Assets/Samples/WebXR Interactions/0.20.0/Sample Scene/Scenes/Desert/ReflectionProbe-4.exr using Guid(eb13938473938e74199d89bb8ace40d1) Importer(2089858483,0ecaa5967403d082aa24f35e1b516d23)  -> (artifact id: '4ba2d81d7d1cc9700a19ec940a230b15') in 0.032925 seconds
Number of updated asset objects reloaded before import = 0
Number of asset objects unloaded after import = 1
========================================================================
Received Import Request.
  Time since last request: 0.001160 seconds.
  path: Assets/Samples/WebXR Interactions/0.20.0/Sample Scene/Sounds/wind-soundscape.mp3
  artifactKey: Guid(464c907537ca8644abb9290e1322da73) Importer(2089858483,0ecaa5967403d082aa24f35e1b516d23)
Start importing Assets/Samples/WebXR Interactions/0.20.0/Sample Scene/Sounds/wind-soundscape.mp3 using Guid(464c907537ca8644abb9290e1322da73) Importer(2089858483,0ecaa5967403d082aa24f35e1b516d23)  -> (artifact id: '66f8c1911d6e4ff73ae5104d86ea83ef') in 0.170998 seconds
Number of updated asset objects reloaded before import = 0
Number of asset objects unloaded after import = 1
========================================================================
Received Import Request.
  Time since last request: 0.000201 seconds.
  path: Assets/Samples/WebXR Interactions/0.20.0/Sample Scene/Materials/Green.mat
  artifactKey: Guid(5af4ced906166d244a01db7543017eb1) Importer(2089858483,0ecaa5967403d082aa24f35e1b516d23)
Start importing Assets/Samples/WebXR Interactions/0.20.0/Sample Scene/Materials/Green.mat using Guid(5af4ced906166d244a01db7543017eb1) Importer(2089858483,0ecaa5967403d082aa24f35e1b516d23)  -> (artifact id: 'c233bf63516905fbfd3cfe94ed13d58b') in 0.010866 seconds
Number of updated asset objects reloaded before import = 0
Number of asset objects unloaded after import = 1
========================================================================
Received Import Request.
  Time since last request: 0.000131 seconds.
  path: Assets/Samples/WebXR Interactions/0.20.0/Sample Scene/Models/cactus/Materials/Saguaro_BaseColor 1.mat
  artifactKey: Guid(314aeec064402487781f0c4bbfbcc281) Importer(2089858483,0ecaa5967403d082aa24f35e1b516d23)
Start importing Assets/Samples/WebXR Interactions/0.20.0/Sample Scene/Models/cactus/Materials/Saguaro_BaseColor 1.mat using Guid(314aeec064402487781f0c4bbfbcc281) Importer(2089858483,0ecaa5967403d082aa24f35e1b516d23)  -> (artifact id: '7a3bbf38c54d6866a3e807f67c3a0806') in 0.008453 seconds
Number of updated asset objects reloaded before import = 0
Number of asset objects unloaded after import = 1
========================================================================
Received Import Request.
  Time since last request: 0.000109 seconds.
  path: Assets/Scenes/SampleScene.unity
  artifactKey: Guid(9fc0d4010bbf28b4594072e72b8655ab) Importer(2089858483,0ecaa5967403d082aa24f35e1b516d23)
Start importing Assets/Scenes/SampleScene.unity using Guid(9fc0d4010bbf28b4594072e72b8655ab) Importer(2089858483,0ecaa5967403d082aa24f35e1b516d23)  -> (artifact id: '468f09c27fbc5dd30bd370e2d0b06d92') in 0.005639 seconds
Number of updated asset objects reloaded before import = 0
Number of asset objects unloaded after import = 1
========================================================================
Received Import Request.
  Time since last request: 0.000235 seconds.
  path: Assets/Samples/WebXR Interactions/0.20.0/Sample Scene/Models/Desert Environment/desert-environment.obj
  artifactKey: Guid(55a05d7345e094dee9a176728bb6070f) Importer(2089858483,0ecaa5967403d082aa24f35e1b516d23)
Start importing Assets/Samples/WebXR Interactions/0.20.0/Sample Scene/Models/Desert Environment/desert-environment.obj using Guid(55a05d7345e094dee9a176728bb6070f) Importer(2089858483,0ecaa5967403d082aa24f35e1b516d23)  -> (artifact id: 'f76937cc97d9fd55a4334c4838b4c78b') in 0.019593 seconds
Number of updated asset objects reloaded before import = 0
Number of asset objects unloaded after import = 9
========================================================================
Received Import Request.
  Time since last request: 0.000196 seconds.
  path: Assets/Samples/WebXR Interactions/0.20.0/Sample Scene/Prefabs/SpectatorCameraHolder.prefab
  artifactKey: Guid(bc536673dd409e046b5e4162fa3e6359) Importer(2089858483,0ecaa5967403d082aa24f35e1b516d23)
Start importing Assets/Samples/WebXR Interactions/0.20.0/Sample Scene/Prefabs/SpectatorCameraHolder.prefab using Guid(bc536673dd409e046b5e4162fa3e6359) Importer(2089858483,0ecaa5967403d082aa24f35e1b516d23)  -> (artifact id: '2055668f61f5019a9f5d0a817b13a131') in 0.013568 seconds
Number of updated asset objects reloaded before import = 0
Number of asset objects unloaded after import = 112
========================================================================
Received Import Request.
  Time since last request: 0.000101 seconds.
  path: Assets/Samples/WebXR Interactions/0.20.0/Sample Scene/Models/pipeorgancactus/PipeOrganCactus_BaseColor.png
  artifactKey: Guid(63be4fa0e42a445c9a40e52e86f08d4a) Importer(2089858483,0ecaa5967403d082aa24f35e1b516d23)
Start importing Assets/Samples/WebXR Interactions/0.20.0/Sample Scene/Models/pipeorgancactus/PipeOrganCactus_BaseColor.png using Guid(63be4fa0e42a445c9a40e52e86f08d4a) Importer(2089858483,0ecaa5967403d082aa24f35e1b516d23)  -> (artifact id: '455a7e209019d32235fdbe211cacd7f7') in 0.026655 seconds
Number of updated asset objects reloaded before import = 0
Number of asset objects unloaded after import = 1
========================================================================
Received Import Request.
  Time since last request: 0.000178 seconds.
  path: Assets/Samples/WebXR Interactions/0.20.0/Sample Scene/Materials/Red.mat
  artifactKey: Guid(bc556dbd8de3200439d7078dfd50e0cb) Importer(2089858483,0ecaa5967403d082aa24f35e1b516d23)
Start importing Assets/Samples/WebXR Interactions/0.20.0/Sample Scene/Materials/Red.mat using Guid(bc556dbd8de3200439d7078dfd50e0cb) Importer(2089858483,0ecaa5967403d082aa24f35e1b516d23)  -> (artifact id: '79daeb322e095bd182148fc9bf8efaba') in 0.008990 seconds
Number of updated asset objects reloaded before import = 0
Number of asset objects unloaded after import = 1
========================================================================
Received Import Request.
  Time since last request: 0.000170 seconds.
  path: Assets/Samples/WebXR Interactions/0.20.0/Sample Scene/Models/pipeorgancactus/Materials/PipeOrganCactus_BaseColor.mat
  artifactKey: Guid(f1b40784eb7a74d759dedd0d4d43d342) Importer(2089858483,0ecaa5967403d082aa24f35e1b516d23)
Start importing Assets/Samples/WebXR Interactions/0.20.0/Sample Scene/Models/pipeorgancactus/Materials/PipeOrganCactus_BaseColor.mat using Guid(f1b40784eb7a74d759dedd0d4d43d342) Importer(2089858483,0ecaa5967403d082aa24f35e1b516d23)  -> (artifact id: 'c1587d6dd901fc640a97b173db3ce03c') in 0.008630 seconds
Number of updated asset objects reloaded before import = 0
Number of asset objects unloaded after import = 1
========================================================================
Received Import Request.
  Time since last request: 0.000212 seconds.
  path: Assets/XR/Loaders/WebXRLoader.asset
  artifactKey: Guid(9e3033307b3644c3988ae40c7ab39eab) Importer(2089858483,0ecaa5967403d082aa24f35e1b516d23)
Start importing Assets/XR/Loaders/WebXRLoader.asset using Guid(9e3033307b3644c3988ae40c7ab39eab) Importer(2089858483,0ecaa5967403d082aa24f35e1b516d23)  -> (artifact id: '1205c8f94bef5879aa04db8d172a1017') in 0.011831 seconds
Number of updated asset objects reloaded before import = 0
Number of asset objects unloaded after import = 1
========================================================================
Received Import Request.
  Time since last request: 0.000246 seconds.
  path: Assets/Samples/WebXR Interactions/0.20.0/Sample Scene/Scenes/Desert/ReflectionProbe-5.exr
  artifactKey: Guid(7ab67428ae8f4e047ae7e5617f8d1774) Importer(2089858483,0ecaa5967403d082aa24f35e1b516d23)
Start importing Assets/Samples/WebXR Interactions/0.20.0/Sample Scene/Scenes/Desert/ReflectionProbe-5.exr using Guid(7ab67428ae8f4e047ae7e5617f8d1774) Importer(2089858483,0ecaa5967403d082aa24f35e1b516d23)  -> (artifact id: '22ecd3f5ed7d1d698b7d9154575cdd7e') in 0.018448 seconds
Number of updated asset objects reloaded before import = 0
Number of asset objects unloaded after import = 1
========================================================================
Received Import Request.
  Time since last request: 0.000276 seconds.
  path: Assets/Samples/WebXR Interactions/0.20.0/Sample Scene/Scenes/Desert/ReflectionProbe-3.exr
  artifactKey: Guid(7c07e28e74ac1cd40b56cd51dd3e482d) Importer(2089858483,0ecaa5967403d082aa24f35e1b516d23)
Start importing Assets/Samples/WebXR Interactions/0.20.0/Sample Scene/Scenes/Desert/ReflectionProbe-3.exr using Guid(7c07e28e74ac1cd40b56cd51dd3e482d) Importer(2089858483,0ecaa5967403d082aa24f35e1b516d23)  -> (artifact id: '69afc53485cb36a3250ba805e7f479cf') in 0.019301 seconds
Number of updated asset objects reloaded before import = 0
Number of asset objects unloaded after import = 1
========================================================================
Received Import Request.
  Time since last request: 0.000263 seconds.
  path: Assets/Samples/WebXR Interactions/0.20.0/Sample Scene/Models/TakeL.controller
  artifactKey: Guid(b8d2d54a5d0d19f4b8beae4b90c5f011) Importer(2089858483,0ecaa5967403d082aa24f35e1b516d23)
Start importing Assets/Samples/WebXR Interactions/0.20.0/Sample Scene/Models/TakeL.controller using Guid(b8d2d54a5d0d19f4b8beae4b90c5f011) Importer(2089858483,0ecaa5967403d082aa24f35e1b516d23)  -> (artifact id: '76477beaa406b113cd87ef3541355eb0') in 0.005088 seconds
Number of updated asset objects reloaded before import = 0
Number of asset objects unloaded after import = 4
========================================================================
Received Import Request.
  Time since last request: 0.000271 seconds.
  path: Assets/Samples/WebXR Interactions/0.20.0/Sample Scene/URP/WebXRUniversalRenderPipelineAsset.asset
  artifactKey: Guid(0dcf41294e797d14f8c171cc44416ba8) Importer(2089858483,0ecaa5967403d082aa24f35e1b516d23)
Start importing Assets/Samples/WebXR Interactions/0.20.0/Sample Scene/URP/WebXRUniversalRenderPipelineAsset.asset using Guid(0dcf41294e797d14f8c171cc44416ba8) Importer(2089858483,0ecaa5967403d082aa24f35e1b516d23)  -> (artifact id: '412a96c11733405dc368805b8c0308b6') in 0.007039 seconds
Number of updated asset objects reloaded before import = 0
Number of asset objects unloaded after import = 1
========================================================================
Received Import Request.
  Time since last request: 37.287210 seconds.
  path: Assets/WebGLTemplates/WebXRFullView2020
  artifactKey: Guid(4d821ef6c9f45114a9ad3cbd73ba2cdd) Importer(2089858483,0ecaa5967403d082aa24f35e1b516d23)
Start importing Assets/WebGLTemplates/WebXRFullView2020 using Guid(4d821ef6c9f45114a9ad3cbd73ba2cdd) Importer(2089858483,0ecaa5967403d082aa24f35e1b516d23)  -> (artifact id: 'ad8175596f3aff9522c406dad64adae0') in 0.003401 seconds
Number of updated asset objects reloaded before import = 0
Number of asset objects unloaded after import = 1
========================================================================
Received Import Request.
  Time since last request: 0.000325 seconds.
  path: Assets/WebGLTemplates/WebXR2020/index.html
  artifactKey: Guid(c5839de1bd602ec44a22040c6338a258) Importer(2089858483,0ecaa5967403d082aa24f35e1b516d23)
Start importing Assets/WebGLTemplates/WebXR2020/index.html using Guid(c5839de1bd602ec44a22040c6338a258) Importer(2089858483,0ecaa5967403d082aa24f35e1b516d23)  -> (artifact id: '35428cd3247396b16731a2f12b2bded4') in 0.004214 seconds
Number of updated asset objects reloaded before import = 0
Number of asset objects unloaded after import = 1
========================================================================
Received Import Request.
  Time since last request: 0.000249 seconds.
  path: Assets/WebGLTemplates/WebXRFullView2020/TemplateData/fullscreen-button.png
  artifactKey: Guid(93a9f9eaa7fa2474296cc5950ead60ff) Importer(2089858483,0ecaa5967403d082aa24f35e1b516d23)
Start importing Assets/WebGLTemplates/WebXRFullView2020/TemplateData/fullscreen-button.png using Guid(93a9f9eaa7fa2474296cc5950ead60ff) Importer(2089858483,0ecaa5967403d082aa24f35e1b516d23)  -> (artifact id: '4d9670ab28eeae7f46a616abaa556066') in 0.006253 seconds
Number of updated asset objects reloaded before import = 0
Number of asset objects unloaded after import = 1
========================================================================
Received Import Request.
  Time since last request: 0.000139 seconds.
  path: Assets/WebGLTemplates/WebXRFullView2020/TemplateData/progress-bar-empty-dark.png
  artifactKey: Guid(42058d58104ea35449090bb19a6f14d7) Importer(2089858483,0ecaa5967403d082aa24f35e1b516d23)
Start importing Assets/WebGLTemplates/WebXRFullView2020/TemplateData/progress-bar-empty-dark.png using Guid(42058d58104ea35449090bb19a6f14d7) Importer(2089858483,0ecaa5967403d082aa24f35e1b516d23)  -> (artifact id: '30087bdd00ed8a1d7819109618c4212c') in 0.003804 seconds
Number of updated asset objects reloaded before import = 0
Number of asset objects unloaded after import = 1
========================================================================
Received Import Request.
  Time since last request: 0.000121 seconds.
  path: Assets/WebGLTemplates/WebXR2020/TemplateData
  artifactKey: Guid(a2ac26db308c88e4b917870ef5b47b3c) Importer(2089858483,0ecaa5967403d082aa24f35e1b516d23)
Start importing Assets/WebGLTemplates/WebXR2020/TemplateData using Guid(a2ac26db308c88e4b917870ef5b47b3c) Importer(2089858483,0ecaa5967403d082aa24f35e1b516d23)  -> (artifact id: 'e97bbed32bcc618b0f5c7c1626d4b277') in 0.004367 seconds
Number of updated asset objects reloaded before import = 0
Number of asset objects unloaded after import = 1
========================================================================
Received Import Request.
  Time since last request: 0.000195 seconds.
  path: Assets/WebGLTemplates/WebXRFullView2020/TemplateData/progress-bar-full-dark.png
  artifactKey: Guid(8a5127851b5e07f468a0b6e23fae33a4) Importer(2089858483,0ecaa5967403d082aa24f35e1b516d23)
Start importing Assets/WebGLTemplates/WebXRFullView2020/TemplateData/progress-bar-full-dark.png using Guid(8a5127851b5e07f468a0b6e23fae33a4) Importer(2089858483,0ecaa5967403d082aa24f35e1b516d23)  -> (artifact id: '124eab964e2facbc3494d4556b3f0279') in 0.003418 seconds
Number of updated asset objects reloaded before import = 0
Number of asset objects unloaded after import = 1
========================================================================
Received Import Request.
  Time since last request: 0.000120 seconds.
  path: Assets/WebGLTemplates/WebXR2020/TemplateData/progress-bar-empty-dark.png
  artifactKey: Guid(edcf8c76f12a7994abc09e91352e4a65) Importer(2089858483,0ecaa5967403d082aa24f35e1b516d23)
Start importing Assets/WebGLTemplates/WebXR2020/TemplateData/progress-bar-empty-dark.png using Guid(edcf8c76f12a7994abc09e91352e4a65) Importer(2089858483,0ecaa5967403d082aa24f35e1b516d23)  -> (artifact id: '6a6c48a9df3bc498ef2a1d326007f714') in 0.006975 seconds
Number of updated asset objects reloaded before import = 0
Number of asset objects unloaded after import = 1
========================================================================
Received Import Request.
  Time since last request: 0.000301 seconds.
  path: Assets/WebGLTemplates
  artifactKey: Guid(ebaf9785b11744dc7b2b9639843770fd) Importer(2089858483,0ecaa5967403d082aa24f35e1b516d23)
Start importing Assets/WebGLTemplates using Guid(ebaf9785b11744dc7b2b9639843770fd) Importer(2089858483,0ecaa5967403d082aa24f35e1b516d23)  -> (artifact id: 'c1b31629fc173d66a22bd7c1b070a81a') in 0.005804 seconds
Number of updated asset objects reloaded before import = 0
Number of asset objects unloaded after import = 1
========================================================================
Received Import Request.
  Time since last request: 0.000186 seconds.
  path: Assets/WebGLTemplates/WebXR2020/TemplateData/progress-bar-empty-light.png
  artifactKey: Guid(a81280042a36d5f4f8abd7fa017ab192) Importer(2089858483,0ecaa5967403d082aa24f35e1b516d23)
Start importing Assets/WebGLTemplates/WebXR2020/TemplateData/progress-bar-empty-light.png using Guid(a81280042a36d5f4f8abd7fa017ab192) Importer(2089858483,0ecaa5967403d082aa24f35e1b516d23)  -> (artifact id: 'b53cc45f4faaec03fdc5fe861207cd6e') in 0.003821 seconds
Number of updated asset objects reloaded before import = 0
Number of asset objects unloaded after import = 1
========================================================================
Received Import Request.
  Time since last request: 0.000096 seconds.
  path: Assets/WebGLTemplates/WebXR2020/TemplateData/favicon.ico
  artifactKey: Guid(5caf48ea1e1c5504c9c0d75ad82dd297) Importer(2089858483,0ecaa5967403d082aa24f35e1b516d23)
Start importing Assets/WebGLTemplates/WebXR2020/TemplateData/favicon.ico using Guid(5caf48ea1e1c5504c9c0d75ad82dd297) Importer(2089858483,0ecaa5967403d082aa24f35e1b516d23)  -> (artifact id: '7cd785e8d690c1b7635ebaedb545ff5d') in 0.002957 seconds
Number of updated asset objects reloaded before import = 0
Number of asset objects unloaded after import = 1
========================================================================
Received Import Request.
  Time since last request: 0.000154 seconds.
  path: Assets/WebGLTemplates/WebXRFullView2020/TemplateData/style.css
  artifactKey: Guid(4ebc2d30b0af1aa4da39e17bd69a5806) Importer(2089858483,0ecaa5967403d082aa24f35e1b516d23)
Start importing Assets/WebGLTemplates/WebXRFullView2020/TemplateData/style.css using Guid(4ebc2d30b0af1aa4da39e17bd69a5806) Importer(2089858483,0ecaa5967403d082aa24f35e1b516d23)  -> (artifact id: '402f088151d3079986f28fe641a7a59c') in 0.004569 seconds
Number of updated asset objects reloaded before import = 0
Number of asset objects unloaded after import = 1
========================================================================
Received Import Request.
  Time since last request: 0.000345 seconds.
  path: Assets/WebGLTemplates/WebXR2020/TemplateData/progress-bar-full-light.png
  artifactKey: Guid(0e4c583afa2c2164fac67a8b74c1dfb0) Importer(2089858483,0ecaa5967403d082aa24f35e1b516d23)
Start importing Assets/WebGLTemplates/WebXR2020/TemplateData/progress-bar-full-light.png using Guid(0e4c583afa2c2164fac67a8b74c1dfb0) Importer(2089858483,0ecaa5967403d082aa24f35e1b516d23)  -> (artifact id: '8fa8addfd20b04f1f494ad04bd334c58') in 0.004223 seconds
Number of updated asset objects reloaded before import = 0
Number of asset objects unloaded after import = 1
========================================================================
Received Import Request.
  Time since last request: 0.000232 seconds.
  path: Assets/WebGLTemplates/WebXRFullView2020/TemplateData/progress-bar-empty-light.png
  artifactKey: Guid(3c78e44cfee01ef42abdb35b24af74b6) Importer(2089858483,0ecaa5967403d082aa24f35e1b516d23)
Start importing Assets/WebGLTemplates/WebXRFullView2020/TemplateData/progress-bar-empty-light.png using Guid(3c78e44cfee01ef42abdb35b24af74b6) Importer(2089858483,0ecaa5967403d082aa24f35e1b516d23)  -> (artifact id: 'e7cb0a2bfec26e127d34895766112dde') in 0.006236 seconds
Number of updated asset objects reloaded before import = 0
Number of asset objects unloaded after import = 1
========================================================================
Received Import Request.
  Time since last request: 0.000323 seconds.
  path: Assets/WebGLTemplates/WebXRFullView2020/thumbnail.png
  artifactKey: Guid(db679940b31eb654189f762f02dd08ec) Importer(2089858483,0ecaa5967403d082aa24f35e1b516d23)
Start importing Assets/WebGLTemplates/WebXRFullView2020/thumbnail.png using Guid(db679940b31eb654189f762f02dd08ec) Importer(2089858483,0ecaa5967403d082aa24f35e1b516d23)  -> (artifact id: '675d4a7802cf6469aefa4d23407f533c') in 0.005456 seconds
Number of updated asset objects reloaded before import = 0
Number of asset objects unloaded after import = 1
========================================================================
Received Prepare
Refreshing native plugins compatible for Editor in 9.20 ms, found 2 plugins.
Preloading 0 native plugins for Editor in 0.00 ms.
Unloading 0 Unused Serialized files (Serialized files now loaded: 0)
Unloading 2 unused Assets / (20.5 KB). Loaded Objects now: 3658.
Memory consumption went from 82.1 MB to 82.1 MB.
Total: 10.019260 ms (FindLiveObjects: 0.476969 ms CreateObjectMapping: 0.407267 ms MarkObjects: 8.991608 ms  DeleteObjects: 0.141438 ms)

Prepare: number of updated asset objects reloaded= 0
AssetImportParameters requested are different than current active one (requested -> active):
  custom:container-demuxer-ogg: 62fdf1f143b41e24485cea50d1cbac27 -> 
  custom:video-decoder-ogg-theora: a1e56fd34408186e4bbccfd4996cb3dc -> 
  custom:CustomObjectIndexerAttribute: 756ad292c208cfabdd7b50bc23989ffe -> 
  custom:container-demuxer-webm: 4f35f7cbe854078d1ac9338744f61a02 -> 
  custom:container-muxer-webm: aa71ff27fc2769a1b78a27578f13a17b -> 
  custom:video-decoder-webm-vp8: 9c59270c3fd7afecdb556c50c9e8de78 -> 
  custom:SearchIndexIgnoredProperties: e643bd26f0fe6173181afceb89e7c659 -> 
  custom:AudioImporter_EditorPlatform: 3918e3fc78b5a79bad01e8451be0beb8 -> 
  custom:framework-osx-AVFoundation: e770b220cccbd017edd2c1fefb359320 -> 
  custom:video-encoder-webm-vp8: eb34c28f22e8b96e1ab97ce403110664 -> 
  custom:audio-decoder-ogg-vorbis: bf7c407c2cedff20999df2af8eb42d56 -> 
  custom:audio-encoder-webm-vorbis: bf7c407c2cedff20999df2af8eb42d56 -> 
